02-May-2025 20:21:19.012 INFO [main] org.apache.catalina.startup.VersionLoggerListener.log Server version name:   Apache Tomcat/9.0.38
02-May-2025 20:21:19.016 INFO [main] org.apache.catalina.startup.VersionLoggerListener.log Server built:          Sep 10 2020 08:20:30 UTC
02-May-2025 20:21:19.016 INFO [main] org.apache.catalina.startup.VersionLoggerListener.log Server version number: 9.0.38.0
02-May-2025 20:21:19.016 INFO [main] org.apache.catalina.startup.VersionLoggerListener.log OS Name:               Windows 11
02-May-2025 20:21:19.016 INFO [main] org.apache.catalina.startup.VersionLoggerListener.log OS Version:            10.0
02-May-2025 20:21:19.016 INFO [main] org.apache.catalina.startup.VersionLoggerListener.log Architecture:          amd64
02-May-2025 20:21:19.017 INFO [main] org.apache.catalina.startup.VersionLoggerListener.log Java Home:             C:\Users\nisha\.jdks\corretto-1.8.0_442\jre
02-May-2025 20:21:19.017 INFO [main] org.apache.catalina.startup.VersionLoggerListener.log JVM Version:           1.8.0_442-b06
02-May-2025 20:21:19.017 INFO [main] org.apache.catalina.startup.VersionLoggerListener.log JVM Vendor:            Amazon.com Inc.
02-May-2025 20:21:19.017 INFO [main] org.apache.catalina.startup.VersionLoggerListener.log CATALINA_BASE:         C:\Xworkz-PracticeOops\bankServlet
02-May-2025 20:21:19.017 INFO [main] org.apache.catalina.startup.VersionLoggerListener.log CATALINA_HOME:         C:\Users\nisha\Downloads\apache-tomcat-9.0.38-windows-x64\apache-tomcat-9.0.38
02-May-2025 20:21:19.021 INFO [main] org.apache.catalina.startup.VersionLoggerListener.log Command line argument: -Dcatalina.home=C:\Users\nisha\Downloads\apache-tomcat-9.0.38-windows-x64\apache-tomcat-9.0.38
02-May-2025 20:21:19.021 INFO [main] org.apache.catalina.startup.VersionLoggerListener.log Command line argument: -Dcatalina.base=C:\Xworkz-PracticeOops\bankServlet
02-May-2025 20:21:19.021 INFO [main] org.apache.catalina.startup.VersionLoggerListener.log Command line argument: -Djava.io.tmpdir=C:\Xworkz-PracticeOops\bankServlet\temp
02-May-2025 20:21:19.021 INFO [main] org.apache.catalina.startup.VersionLoggerListener.log Command line argument: -Djava.util.logging.config.file=C:\Xworkz-PracticeOops\bankServlet\conf\logging.properties
02-May-2025 20:21:19.022 INFO [main] org.apache.catalina.startup.VersionLoggerListener.log Command line argument: -Djava.util.logging.manager=org.apache.juli.ClassLoaderLogManager
02-May-2025 20:21:19.022 INFO [main] org.apache.catalina.startup.VersionLoggerListener.log Command line argument: -javaagent:C:\Users\nisha\Downloads\ideaIC-2024.1.4.win\lib\idea_rt.jar=58459:C:\Users\nisha\Downloads\ideaIC-2024.1.4.win\bin
02-May-2025 20:21:19.022 INFO [main] org.apache.catalina.startup.VersionLoggerListener.log Command line argument: -Dfile.encoding=UTF-8
02-May-2025 20:21:19.031 INFO [main] org.apache.catalina.core.AprLifecycleListener.lifecycleEvent Loaded Apache Tomcat Native library [1.2.25] using APR version [1.7.0].
02-May-2025 20:21:19.031 INFO [main] org.apache.catalina.core.AprLifecycleListener.lifecycleEvent APR capabilities: IPv6 [true], sendfile [true], accept filters [false], random [true].
02-May-2025 20:21:19.031 INFO [main] org.apache.catalina.core.AprLifecycleListener.lifecycleEvent APR/OpenSSL configuration: useAprConnector [false], useOpenSSL [true]
02-May-2025 20:21:19.047 INFO [main] org.apache.catalina.core.AprLifecycleListener.initializeSSL OpenSSL successfully initialized [OpenSSL 1.1.1g  21 Apr 2020]
02-May-2025 20:21:19.583 INFO [main] org.apache.coyote.AbstractProtocol.init Initializing ProtocolHandler ["http-nio-8080"]
02-May-2025 20:21:19.934 INFO [main] org.apache.catalina.startup.Catalina.load Server initialization in [1177] milliseconds
02-May-2025 20:21:19.976 INFO [main] org.apache.catalina.core.StandardService.startInternal Starting service [Catalina]
02-May-2025 20:21:19.976 INFO [main] org.apache.catalina.core.StandardEngine.startInternal Starting Servlet engine: [Apache Tomcat/9.0.38]
02-May-2025 20:21:19.983 INFO [main] org.apache.catalina.startup.HostConfig.deployDescriptor Deploying deployment descriptor [C:\Xworkz-PracticeOops\bankServlet\conf\Catalina\localhost\ROOT.xml]
02-May-2025 20:21:20.293 INFO [main] org.apache.jasper.servlet.TldScanner.scanJars At least one JAR was scanned for TLDs yet contained no TLDs. Enable debug logging for this logger for a complete list of JARs that were scanned but no TLDs were found in them. Skipping unneeded JARs during scanning can improve startup time and JSP compilation time.
02-May-2025 20:21:20.328 INFO [main] org.apache.catalina.startup.HostConfig.deployDescriptor Deployment of deployment descriptor [C:\Xworkz-PracticeOops\bankServlet\conf\Catalina\localhost\ROOT.xml] has finished in [345] ms
02-May-2025 20:21:20.338 INFO [main] org.apache.coyote.AbstractProtocol.start Starting ProtocolHandler ["http-nio-8080"]
02-May-2025 20:21:20.345 INFO [main] org.apache.catalina.startup.Catalina.start Server startup in [411] milliseconds
02-May-2025 20:23:36.604 INFO [Thread-4] org.apache.coyote.AbstractProtocol.pause Pausing ProtocolHandler ["http-nio-8080"]
02-May-2025 20:23:36.780 INFO [Thread-4] org.apache.catalina.core.StandardService.stopInternal Stopping service [Catalina]
02-May-2025 20:23:36.794 INFO [Thread-4] org.apache.coyote.AbstractProtocol.stop Stopping ProtocolHandler ["http-nio-8080"]
02-May-2025 20:23:36.825 INFO [Thread-4] org.apache.coyote.AbstractProtocol.destroy Destroying ProtocolHandler ["http-nio-8080"]
02-May-2025 20:23:44.722 INFO [main] org.apache.catalina.startup.VersionLoggerListener.log Server version name:   Apache Tomcat/9.0.38
02-May-2025 20:23:44.724 INFO [main] org.apache.catalina.startup.VersionLoggerListener.log Server built:          Sep 10 2020 08:20:30 UTC
02-May-2025 20:23:44.724 INFO [main] org.apache.catalina.startup.VersionLoggerListener.log Server version number: 9.0.38.0
02-May-2025 20:23:44.724 INFO [main] org.apache.catalina.startup.VersionLoggerListener.log OS Name:               Windows 11
02-May-2025 20:23:44.725 INFO [main] org.apache.catalina.startup.VersionLoggerListener.log OS Version:            10.0
02-May-2025 20:23:44.725 INFO [main] org.apache.catalina.startup.VersionLoggerListener.log Architecture:          amd64
02-May-2025 20:23:44.725 INFO [main] org.apache.catalina.startup.VersionLoggerListener.log Java Home:             C:\Users\nisha\.jdks\corretto-1.8.0_442\jre
02-May-2025 20:23:44.725 INFO [main] org.apache.catalina.startup.VersionLoggerListener.log JVM Version:           1.8.0_442-b06
02-May-2025 20:23:44.725 INFO [main] org.apache.catalina.startup.VersionLoggerListener.log JVM Vendor:            Amazon.com Inc.
02-May-2025 20:23:44.725 INFO [main] org.apache.catalina.startup.VersionLoggerListener.log CATALINA_BASE:         C:\Xworkz-PracticeOops\bankServlet
02-May-2025 20:23:44.725 INFO [main] org.apache.catalina.startup.VersionLoggerListener.log CATALINA_HOME:         C:\Users\nisha\Downloads\apache-tomcat-9.0.38-windows-x64\apache-tomcat-9.0.38
02-May-2025 20:23:44.727 INFO [main] org.apache.catalina.startup.VersionLoggerListener.log Command line argument: -Dcatalina.home=C:\Users\nisha\Downloads\apache-tomcat-9.0.38-windows-x64\apache-tomcat-9.0.38
02-May-2025 20:23:44.728 INFO [main] org.apache.catalina.startup.VersionLoggerListener.log Command line argument: -Dcatalina.base=C:\Xworkz-PracticeOops\bankServlet
02-May-2025 20:23:44.728 INFO [main] org.apache.catalina.startup.VersionLoggerListener.log Command line argument: -Djava.io.tmpdir=C:\Xworkz-PracticeOops\bankServlet\temp
02-May-2025 20:23:44.728 INFO [main] org.apache.catalina.startup.VersionLoggerListener.log Command line argument: -Djava.util.logging.config.file=C:\Xworkz-PracticeOops\bankServlet\conf\logging.properties
02-May-2025 20:23:44.728 INFO [main] org.apache.catalina.startup.VersionLoggerListener.log Command line argument: -Djava.util.logging.manager=org.apache.juli.ClassLoaderLogManager
02-May-2025 20:23:44.728 INFO [main] org.apache.catalina.startup.VersionLoggerListener.log Command line argument: -javaagent:C:\Users\nisha\Downloads\ideaIC-2024.1.4.win\lib\idea_rt.jar=58526:C:\Users\nisha\Downloads\ideaIC-2024.1.4.win\bin
02-May-2025 20:23:44.728 INFO [main] org.apache.catalina.startup.VersionLoggerListener.log Command line argument: -Dfile.encoding=UTF-8
02-May-2025 20:23:44.731 INFO [main] org.apache.catalina.core.AprLifecycleListener.lifecycleEvent Loaded Apache Tomcat Native library [1.2.25] using APR version [1.7.0].
02-May-2025 20:23:44.731 INFO [main] org.apache.catalina.core.AprLifecycleListener.lifecycleEvent APR capabilities: IPv6 [true], sendfile [true], accept filters [false], random [true].
02-May-2025 20:23:44.731 INFO [main] org.apache.catalina.core.AprLifecycleListener.lifecycleEvent APR/OpenSSL configuration: useAprConnector [false], useOpenSSL [true]
02-May-2025 20:23:44.735 INFO [main] org.apache.catalina.core.AprLifecycleListener.initializeSSL OpenSSL successfully initialized [OpenSSL 1.1.1g  21 Apr 2020]
02-May-2025 20:23:45.121 INFO [main] org.apache.coyote.AbstractProtocol.init Initializing ProtocolHandler ["http-nio-8080"]
02-May-2025 20:23:45.380 INFO [main] org.apache.catalina.startup.Catalina.load Server initialization in [902] milliseconds
02-May-2025 20:23:45.420 INFO [main] org.apache.catalina.core.StandardService.startInternal Starting service [Catalina]
02-May-2025 20:23:45.420 INFO [main] org.apache.catalina.core.StandardEngine.startInternal Starting Servlet engine: [Apache Tomcat/9.0.38]
02-May-2025 20:23:45.426 INFO [main] org.apache.catalina.startup.HostConfig.deployDescriptor Deploying deployment descriptor [C:\Xworkz-PracticeOops\bankServlet\conf\Catalina\localhost\ROOT.xml]
02-May-2025 20:23:45.704 INFO [main] org.apache.jasper.servlet.TldScanner.scanJars At least one JAR was scanned for TLDs yet contained no TLDs. Enable debug logging for this logger for a complete list of JARs that were scanned but no TLDs were found in them. Skipping unneeded JARs during scanning can improve startup time and JSP compilation time.
02-May-2025 20:23:45.742 INFO [main] org.apache.catalina.startup.HostConfig.deployDescriptor Deployment of deployment descriptor [C:\Xworkz-PracticeOops\bankServlet\conf\Catalina\localhost\ROOT.xml] has finished in [315] ms
02-May-2025 20:23:45.744 INFO [main] org.apache.coyote.AbstractProtocol.start Starting ProtocolHandler ["http-nio-8080"]
02-May-2025 20:23:45.759 INFO [main] org.apache.catalina.startup.Catalina.start Server startup in [378] milliseconds
02-May-2025 20:41:40.133 INFO [Thread-4] org.apache.coyote.AbstractProtocol.pause Pausing ProtocolHandler ["http-nio-8080"]
02-May-2025 20:41:40.269 INFO [Thread-4] org.apache.catalina.core.StandardService.stopInternal Stopping service [Catalina]
02-May-2025 20:41:40.294 INFO [Thread-4] org.apache.coyote.AbstractProtocol.stop Stopping ProtocolHandler ["http-nio-8080"]
02-May-2025 20:41:40.314 INFO [Thread-4] org.apache.coyote.AbstractProtocol.destroy Destroying ProtocolHandler ["http-nio-8080"]
02-May-2025 20:43:14.525 INFO [main] org.apache.catalina.startup.VersionLoggerListener.log Server version name:   Apache Tomcat/9.0.38
02-May-2025 20:43:14.532 INFO [main] org.apache.catalina.startup.VersionLoggerListener.log Server built:          Sep 10 2020 08:20:30 UTC
02-May-2025 20:43:14.532 INFO [main] org.apache.catalina.startup.VersionLoggerListener.log Server version number: 9.0.38.0
02-May-2025 20:43:14.532 INFO [main] org.apache.catalina.startup.VersionLoggerListener.log OS Name:               Windows 11
02-May-2025 20:43:14.532 INFO [main] org.apache.catalina.startup.VersionLoggerListener.log OS Version:            10.0
02-May-2025 20:43:14.533 INFO [main] org.apache.catalina.startup.VersionLoggerListener.log Architecture:          amd64
02-May-2025 20:43:14.533 INFO [main] org.apache.catalina.startup.VersionLoggerListener.log Java Home:             C:\Users\nisha\.jdks\corretto-1.8.0_442\jre
02-May-2025 20:43:14.533 INFO [main] org.apache.catalina.startup.VersionLoggerListener.log JVM Version:           1.8.0_442-b06
02-May-2025 20:43:14.533 INFO [main] org.apache.catalina.startup.VersionLoggerListener.log JVM Vendor:            Amazon.com Inc.
02-May-2025 20:43:14.533 INFO [main] org.apache.catalina.startup.VersionLoggerListener.log CATALINA_BASE:         C:\Xworkz-PracticeOops\bankServlet
02-May-2025 20:43:14.533 INFO [main] org.apache.catalina.startup.VersionLoggerListener.log CATALINA_HOME:         C:\Users\nisha\Downloads\apache-tomcat-9.0.38-windows-x64\apache-tomcat-9.0.38
02-May-2025 20:43:14.538 INFO [main] org.apache.catalina.startup.VersionLoggerListener.log Command line argument: -Dcatalina.home=C:\Users\nisha\Downloads\apache-tomcat-9.0.38-windows-x64\apache-tomcat-9.0.38
02-May-2025 20:43:14.539 INFO [main] org.apache.catalina.startup.VersionLoggerListener.log Command line argument: -Dcatalina.base=C:\Xworkz-PracticeOops\bankServlet
02-May-2025 20:43:14.539 INFO [main] org.apache.catalina.startup.VersionLoggerListener.log Command line argument: -Djava.io.tmpdir=C:\Xworkz-PracticeOops\bankServlet\temp
02-May-2025 20:43:14.539 INFO [main] org.apache.catalina.startup.VersionLoggerListener.log Command line argument: -Djava.util.logging.config.file=C:\Xworkz-PracticeOops\bankServlet\conf\logging.properties
02-May-2025 20:43:14.539 INFO [main] org.apache.catalina.startup.VersionLoggerListener.log Command line argument: -Djava.util.logging.manager=org.apache.juli.ClassLoaderLogManager
02-May-2025 20:43:14.539 INFO [main] org.apache.catalina.startup.VersionLoggerListener.log Command line argument: -javaagent:C:\Users\nisha\Downloads\ideaIC-2024.1.4.win\lib\idea_rt.jar=58882:C:\Users\nisha\Downloads\ideaIC-2024.1.4.win\bin
02-May-2025 20:43:14.540 INFO [main] org.apache.catalina.startup.VersionLoggerListener.log Command line argument: -Dfile.encoding=UTF-8
02-May-2025 20:43:14.548 INFO [main] org.apache.catalina.core.AprLifecycleListener.lifecycleEvent Loaded Apache Tomcat Native library [1.2.25] using APR version [1.7.0].
02-May-2025 20:43:14.548 INFO [main] org.apache.catalina.core.AprLifecycleListener.lifecycleEvent APR capabilities: IPv6 [true], sendfile [true], accept filters [false], random [true].
02-May-2025 20:43:14.548 INFO [main] org.apache.catalina.core.AprLifecycleListener.lifecycleEvent APR/OpenSSL configuration: useAprConnector [false], useOpenSSL [true]
02-May-2025 20:43:14.562 INFO [main] org.apache.catalina.core.AprLifecycleListener.initializeSSL OpenSSL successfully initialized [OpenSSL 1.1.1g  21 Apr 2020]
02-May-2025 20:43:14.995 INFO [main] org.apache.coyote.AbstractProtocol.init Initializing ProtocolHandler ["http-nio-8080"]
02-May-2025 20:43:15.236 INFO [main] org.apache.catalina.startup.Catalina.load Server initialization in [977] milliseconds
02-May-2025 20:43:15.286 INFO [main] org.apache.catalina.core.StandardService.startInternal Starting service [Catalina]
02-May-2025 20:43:15.286 INFO [main] org.apache.catalina.core.StandardEngine.startInternal Starting Servlet engine: [Apache Tomcat/9.0.38]
02-May-2025 20:43:15.295 INFO [main] org.apache.catalina.startup.HostConfig.deployDescriptor Deploying deployment descriptor [C:\Xworkz-PracticeOops\bankServlet\conf\Catalina\localhost\ROOT.xml]
02-May-2025 20:43:15.340 SEVERE [main] org.apache.catalina.startup.HostConfig.deployDescriptor Error deploying deployment descriptor [C:\Xworkz-PracticeOops\bankServlet\conf\Catalina\localhost\ROOT.xml]
	java.lang.IllegalStateException: Error starting child
		at org.apache.catalina.core.ContainerBase.addChildInternal(ContainerBase.java:720)
		at org.apache.catalina.core.ContainerBase.addChild(ContainerBase.java:690)
		at org.apache.catalina.core.StandardHost.addChild(StandardHost.java:706)
		at org.apache.catalina.startup.HostConfig.deployDescriptor(HostConfig.java:631)
		at org.apache.catalina.startup.HostConfig$DeployDescriptor.run(HostConfig.java:1830)
		at java.util.concurrent.Executors$RunnableAdapter.call(Executors.java:511)
		at java.util.concurrent.FutureTask.run(FutureTask.java:266)
		at org.apache.tomcat.util.threads.InlineExecutorService.execute(InlineExecutorService.java:75)
		at java.util.concurrent.AbstractExecutorService.submit(AbstractExecutorService.java:112)
		at org.apache.catalina.startup.HostConfig.deployDescriptors(HostConfig.java:526)
		at org.apache.catalina.startup.HostConfig.deployApps(HostConfig.java:425)
		at org.apache.catalina.startup.HostConfig.start(HostConfig.java:1576)
		at org.apache.catalina.startup.HostConfig.lifecycleEvent(HostConfig.java:309)
		at org.apache.catalina.util.LifecycleBase.fireLifecycleEvent(LifecycleBase.java:123)
		at org.apache.catalina.util.LifecycleBase.setStateInternal(LifecycleBase.java:423)
		at org.apache.catalina.util.LifecycleBase.setState(LifecycleBase.java:366)
		at org.apache.catalina.core.ContainerBase.startInternal(ContainerBase.java:936)
		at org.apache.catalina.core.StandardHost.startInternal(StandardHost.java:843)
		at org.apache.catalina.util.LifecycleBase.start(LifecycleBase.java:183)
		at org.apache.catalina.core.ContainerBase$StartChild.call(ContainerBase.java:1384)
		at org.apache.catalina.core.ContainerBase$StartChild.call(ContainerBase.java:1374)
		at java.util.concurrent.FutureTask.run(FutureTask.java:266)
		at org.apache.tomcat.util.threads.InlineExecutorService.execute(InlineExecutorService.java:75)
		at java.util.concurrent.AbstractExecutorService.submit(AbstractExecutorService.java:134)
		at org.apache.catalina.core.ContainerBase.startInternal(ContainerBase.java:909)
		at org.apache.catalina.core.StandardEngine.startInternal(StandardEngine.java:262)
		at org.apache.catalina.util.LifecycleBase.start(LifecycleBase.java:183)
		at org.apache.catalina.core.StandardService.startInternal(StandardService.java:421)
		at org.apache.catalina.util.LifecycleBase.start(LifecycleBase.java:183)
		at org.apache.catalina.core.StandardServer.startInternal(StandardServer.java:930)
		at org.apache.catalina.util.LifecycleBase.start(LifecycleBase.java:183)
		at org.apache.catalina.startup.Catalina.start(Catalina.java:772)
		at sun.reflect.NativeMethodAccessorImpl.invoke0(Native Method)
		at sun.reflect.NativeMethodAccessorImpl.invoke(NativeMethodAccessorImpl.java:62)
		at sun.reflect.DelegatingMethodAccessorImpl.invoke(DelegatingMethodAccessorImpl.java:43)
		at java.lang.reflect.Method.invoke(Method.java:498)
		at org.apache.catalina.startup.Bootstrap.start(Bootstrap.java:342)
		at org.apache.catalina.startup.Bootstrap.main(Bootstrap.java:473)
	Caused by: org.apache.catalina.LifecycleException: Failed to start component [org.apache.catalina.webresources.StandardRoot@78186a70]
		at org.apache.catalina.util.LifecycleBase.handleSubClassException(LifecycleBase.java:440)
		at org.apache.catalina.util.LifecycleBase.start(LifecycleBase.java:198)
		at org.apache.catalina.core.StandardContext.resourcesStart(StandardContext.java:4792)
		at org.apache.catalina.core.StandardContext.startInternal(StandardContext.java:4928)
		at org.apache.catalina.util.LifecycleBase.start(LifecycleBase.java:183)
		at org.apache.catalina.core.ContainerBase.addChildInternal(ContainerBase.java:717)
		... 37 more
	Caused by: java.lang.IllegalArgumentException: The main resource set specified [C:\Xworkz-PracticeOops\bankServlet\webapp\form.html] is not valid
		at org.apache.catalina.webresources.StandardRoot.createMainResourceSet(StandardRoot.java:751)
		at org.apache.catalina.webresources.StandardRoot.startInternal(StandardRoot.java:708)
		at org.apache.catalina.util.LifecycleBase.start(LifecycleBase.java:183)
		... 41 more
02-May-2025 20:43:15.348 INFO [main] org.apache.catalina.startup.HostConfig.deployDescriptor Deployment of deployment descriptor [C:\Xworkz-PracticeOops\bankServlet\conf\Catalina\localhost\ROOT.xml] has finished in [52] ms
02-May-2025 20:43:15.351 INFO [main] org.apache.coyote.AbstractProtocol.start Starting ProtocolHandler ["http-nio-8080"]
02-May-2025 20:43:15.361 INFO [main] org.apache.catalina.startup.Catalina.start Server startup in [125] milliseconds
